<?xml version="1.0" encoding="UTF-8"?>
<!-- Generated by org.testng.reporters.JUnitReportReporter -->
<testsuite skipped="0" hostname="DESKTOP-VHHGVR3" name="org.testng1.AdactinUsingTestNG" tests="5" failures="0" timestamp="17 Feb 2021 08:04:58 GMT" time="26.409" errors="0">
  <testcase name="tc0" time="15.673" classname="org.testng1.AdactinUsingTestNG"/>
  <testcase name="tc01" time="2.369" classname="org.testng1.AdactinUsingTestNG"/>
  <testcase name="tc04" time="6.097" classname="org.testng1.AdactinUsingTestNG"/>
  <testcase name="tc03" time="1.442" classname="org.testng1.AdactinUsingTestNG"/>
  <testcase name="tc02" time="0.828" classname="org.testng1.AdactinUsingTestNG"/>
</testsuite> <!-- org.testng1.AdactinUsingTestNG -->
