<?xml version="1.0" encoding="UTF-8"?>
<!-- Generated by org.testng.reporters.JUnitReportReporter -->
<testsuite skipped="0" hostname="DESKTOP-VHHGVR3" name="org.testng1.TestNGUsingDataProvider" tests="2" failures="0" timestamp="21 Feb 2021 16:58:46 GMT" time="84.151" errors="0">
  <testcase name="tc0" time="22.469" classname="org.testng1.TestNGUsingDataProvider"/>
  <testcase name="tc0" time="61.682" classname="org.testng1.TestNGUsingDataProvider"/>
</testsuite> <!-- org.testng1.TestNGUsingDataProvider -->
