<?xml version="1.0" encoding="UTF-8"?>
<!-- Generated by org.testng.reporters.JUnitReportReporter -->
<testsuite skipped="0" hostname="DESKTOP-VHHGVR3" name="org.testng1.Parallel3" tests="6" failures="0" timestamp="21 Feb 2021 18:14:00 GMT" time="0.077" errors="0">
  <testcase name="tc000" time="0.018" classname="org.testng1.Parallel3"/>
  <testcase name="tc111" time="0.002" classname="org.testng1.Parallel3"/>
  <testcase name="tc333" time="0.028" classname="org.testng1.Parallel3"/>
  <testcase name="tc222" time="0.009" classname="org.testng1.Parallel3"/>
  <testcase name="tc444" time="0.015" classname="org.testng1.Parallel3"/>
  <testcase name="tc555" time="0.005" classname="org.testng1.Parallel3"/>
</testsuite> <!-- org.testng1.Parallel3 -->
