<?xml version="1.0" encoding="UTF-8"?>
<!-- Generated by org.testng.reporters.JUnitReportReporter -->
<testsuite skipped="0" hostname="DESKTOP-VHHGVR3" name="org.testng1.Parallel1" tests="18" failures="0" timestamp="21 Feb 2021 18:24:15 GMT" time="0.110" errors="0">
  <testcase name="tc0" time="0.015" classname="org.testng1.Parallel1"/>
  <testcase name="tc3" time="0.004" classname="org.testng1.Parallel1"/>
  <testcase name="tc1" time="0.003" classname="org.testng1.Parallel1"/>
  <testcase name="tc3" time="0.003" classname="org.testng1.Parallel1"/>
  <testcase name="tc4" time="0.001" classname="org.testng1.Parallel1"/>
  <testcase name="tc2" time="0.006" classname="org.testng1.Parallel1"/>
  <testcase name="tc4" time="0.002" classname="org.testng1.Parallel1"/>
  <testcase name="tc1" time="0.005" classname="org.testng1.Parallel1"/>
  <testcase name="tc0" time="0.015" classname="org.testng1.Parallel1"/>
  <testcase name="tc4" time="0.001" classname="org.testng1.Parallel1"/>
  <testcase name="tc2" time="0.004" classname="org.testng1.Parallel1"/>
  <testcase name="tc5" time="0.008" classname="org.testng1.Parallel1"/>
  <testcase name="tc2" time="0.004" classname="org.testng1.Parallel1"/>
  <testcase name="tc3" time="0.007" classname="org.testng1.Parallel1"/>
  <testcase name="tc5" time="0.005" classname="org.testng1.Parallel1"/>
  <testcase name="tc5" time="0.006" classname="org.testng1.Parallel1"/>
  <testcase name="tc0" time="0.015" classname="org.testng1.Parallel1"/>
  <testcase name="tc1" time="0.006" classname="org.testng1.Parallel1"/>
</testsuite> <!-- org.testng1.Parallel1 -->
