<?xml version="1.0" encoding="UTF-8"?>
<!-- Generated by org.testng.reporters.JUnitReportReporter -->
<testsuite skipped="0" hostname="DESKTOP-VHHGVR3" name="org.testng1.Testng3" tests="2" failures="0" timestamp="19 Feb 2021 14:43:46 GMT" time="18.551" errors="0">
  <testcase name="tc0" time="11.313" classname="org.testng1.Testng3"/>
  <testcase name="tc0" time="7.238" classname="org.testng1.Testng3"/>
</testsuite> <!-- org.testng1.Testng3 -->
