<?xml version="1.0" encoding="UTF-8"?>
<!-- Generated by org.testng.reporters.JUnitReportReporter -->
<testsuite skipped="1" hostname="DESKTOP-VHHGVR3" name="org.testng1.Testng1" tests="15" failures="0" timestamp="21 Feb 2021 13:53:06 GMT" time="0.016" errors="0">
  <testcase name="tc1" time="0.016" classname="org.testng1.Testng1"/>
  <testcase name="tc5" time="0.000" classname="org.testng1.Testng1"/>
  <testcase name="tc5" time="0.000" classname="org.testng1.Testng1"/>
  <testcase name="tc9" time="0.000" classname="org.testng1.Testng1"/>
  <testcase name="tc2" time="0.000" classname="org.testng1.Testng1"/>
  <testcase name="tc8" time="0.000" classname="org.testng1.Testng1"/>
  <testcase name="tc6" time="0.000" classname="org.testng1.Testng1"/>
  <testcase name="tc3" time="0.000" classname="org.testng1.Testng1"/>
  <testcase name="tc5" time="0.000" classname="org.testng1.Testng1"/>
  <testcase name="tc7" time="0.000" classname="org.testng1.Testng1"/>
  <testcase name="tc5" time="0.000" classname="org.testng1.Testng1"/>
  <testcase name="tc10" time="0.000" classname="org.testng1.Testng1"/>
  <testcase name="tc5" time="0.000" classname="org.testng1.Testng1"/>
  <testcase name="tc0" time="0.000" classname="org.testng1.Testng1"/>
  <testcase name="tc4" classname="org.testng1.Testng1">
    <skipped/>
  </testcase> <!-- tc4 -->
</testsuite> <!-- org.testng1.Testng1 -->
