<?xml version="1.0" encoding="UTF-8"?>
<!-- Generated by org.testng.reporters.JUnitReportReporter -->
<testsuite skipped="1" hostname="DESKTOP-VHHGVR3" name="org.testng1.TestNGUsingPriorityEnabledInvocationCount" tests="15" failures="0" timestamp="21 Feb 2021 14:22:59 GMT" time="0.074" errors="0">
  <testcase name="tc1" time="0.016" classname="org.testng1.TestNGUsingPriorityEnabledInvocationCount"/>
  <testcase name="tc5" time="0.001" classname="org.testng1.TestNGUsingPriorityEnabledInvocationCount"/>
  <testcase name="tc5" time="0.000" classname="org.testng1.TestNGUsingPriorityEnabledInvocationCount"/>
  <testcase name="tc9" time="0.015" classname="org.testng1.TestNGUsingPriorityEnabledInvocationCount"/>
  <testcase name="tc2" time="0.010" classname="org.testng1.TestNGUsingPriorityEnabledInvocationCount"/>
  <testcase name="tc8" time="0.000" classname="org.testng1.TestNGUsingPriorityEnabledInvocationCount"/>
  <testcase name="tc6" time="0.000" classname="org.testng1.TestNGUsingPriorityEnabledInvocationCount"/>
  <testcase name="tc3" time="0.000" classname="org.testng1.TestNGUsingPriorityEnabledInvocationCount"/>
  <testcase name="tc5" time="0.000" classname="org.testng1.TestNGUsingPriorityEnabledInvocationCount"/>
  <testcase name="tc7" time="0.000" classname="org.testng1.TestNGUsingPriorityEnabledInvocationCount"/>
  <testcase name="tc5" time="0.016" classname="org.testng1.TestNGUsingPriorityEnabledInvocationCount"/>
  <testcase name="tc10" time="0.000" classname="org.testng1.TestNGUsingPriorityEnabledInvocationCount"/>
  <testcase name="tc5" time="0.016" classname="org.testng1.TestNGUsingPriorityEnabledInvocationCount"/>
  <testcase name="tc0" time="0.000" classname="org.testng1.TestNGUsingPriorityEnabledInvocationCount"/>
  <testcase name="tc4" classname="org.testng1.TestNGUsingPriorityEnabledInvocationCount">
    <skipped/>
  </testcase> <!-- tc4 -->
</testsuite> <!-- org.testng1.TestNGUsingPriorityEnabledInvocationCount -->
