<?xml version="1.0" encoding="UTF-8"?>
<!-- Generated by org.testng.reporters.JUnitReportReporter -->
<testsuite skipped="0" hostname="DESKTOP-VHHGVR3" name="org.testng1.ParallelBrowser" tests="2" failures="0" timestamp="21 Feb 2021 18:59:23 GMT" time="21.472" errors="0">
  <testcase name="tc1" time="11.456" classname="org.testng1.ParallelBrowser"/>
  <testcase name="tc0" time="10.016" classname="org.testng1.ParallelBrowser"/>
</testsuite> <!-- org.testng1.ParallelBrowser -->
