<?xml version="1.0" encoding="UTF-8"?>
<!-- Generated by org.testng.reporters.JUnitReportReporter -->
<testsuite skipped="0" hostname="DESKTOP-VHHGVR3" name="org.testng1.CrossBrowser" tests="3" failures="0" timestamp="21 Feb 2021 19:27:58 GMT" time="51.601" errors="0">
  <testcase name="tc0" time="10.432" classname="org.testng1.CrossBrowser"/>
  <testcase name="tc0" time="0.004" classname="org.testng1.CrossBrowser"/>
  <testcase name="tc0" time="41.165" classname="org.testng1.CrossBrowser"/>
</testsuite> <!-- org.testng1.CrossBrowser -->
