<?xml version="1.0" encoding="UTF-8"?>
<!-- Generated by org.testng.reporters.JUnitReportReporter -->
<testsuite skipped="0" hostname="DESKTOP-VHHGVR3" name="org.testng1.Parallel2" tests="6" failures="0" timestamp="21 Feb 2021 18:14:00 GMT" time="0.038" errors="0">
  <testcase name="tc55" time="0.002" classname="org.testng1.Parallel2"/>
  <testcase name="tc33" time="0.006" classname="org.testng1.Parallel2"/>
  <testcase name="tc00" time="0.018" classname="org.testng1.Parallel2"/>
  <testcase name="tc11" time="0.007" classname="org.testng1.Parallel2"/>
  <testcase name="tc22" time="0.002" classname="org.testng1.Parallel2"/>
  <testcase name="tc44" time="0.003" classname="org.testng1.Parallel2"/>
</testsuite> <!-- org.testng1.Parallel2 -->
