<?xml version="1.0" encoding="UTF-8"?>
<!-- Generated by org.testng.reporters.JUnitReportReporter -->
<testsuite skipped="0" hostname="DESKTOP-VHHGVR3" name="org.testng1.TestNGUsingGroupsandDependsonGroupsAlways" tests="2" failures="0" timestamp="24 Feb 2021 00:37:41 GMT" time="0.014" errors="0">
  <testcase name="tc1" time="0.002" classname="org.testng1.TestNGUsingGroupsandDependsonGroupsAlways"/>
  <testcase name="tc0" time="0.012" classname="org.testng1.TestNGUsingGroupsandDependsonGroupsAlways"/>
</testsuite> <!-- org.testng1.TestNGUsingGroupsandDependsonGroupsAlways -->
